INFO 2025-07-09 00:11:07,367 autoreload 598343 140540422803456 Watching for file changes with StatReloader
Performing system checks...

System check identified no issues (0 silenced).
July 09, 2025 - 00:11:07
Django version 4.2.23, using settings 'Cust_Note.settings'
Starting development server at http://0.0.0.0:8000/
Quit the server with CONTROL-C.

INFO 2025-07-09 00:11:14,535 basehttp 598343 140540255401536 "GET / HTTP/1.1" 200 14651
INFO 2025-07-09 00:11:23,206 basehttp 598343 140540255401536 "GET /user/signup/station/ HTTP/1.1" 200 19770
INFO 2025-07-09 00:12:07,516 basehttp 598343 140540255401536 "POST /user/signup/station/ HTTP/1.1" 200 20069
ERROR 2025-07-09 00:12:25,901 log 598343 140540255401536 Internal Server Error: /user/signup/station/
Traceback (most recent call last):
  File "/home/oilnote/.local/lib/python3.10/site-packages/django/core/handlers/exception.py", line 55, in inner
    response = get_response(request)
  File "/home/oilnote/.local/lib/python3.10/site-packages/django/core/handlers/base.py", line 197, in _get_response
    response = wrapped_callback(request, *callback_args, **callback_kwargs)
  File "/home/oilnote/.local/lib/python3.10/site-packages/django/views/generic/base.py", line 105, in view
    return self.dispatch(request, *args, **kwargs)
  File "/home/oilnote/.local/lib/python3.10/site-packages/django/views/generic/base.py", line 144, in dispatch
    return handler(request, *args, **kwargs)
  File "/home/oilnote/.local/lib/python3.10/site-packages/django/views/generic/edit.py", line 184, in post
    return super().post(request, *args, **kwargs)
  File "/home/oilnote/.local/lib/python3.10/site-packages/django/views/generic/edit.py", line 153, in post
    return self.form_valid(form)
  File "/home/oilnote/custom_note/Cust_Note/Cust_User/views.py", line 49, in form_valid
    user = form.save()
  File "/home/oilnote/custom_note/Cust_Note/Cust_User/forms.py", line 51, in save
    user.save()
  File "/home/oilnote/.local/lib/python3.10/site-packages/django/contrib/auth/base_user.py", line 76, in save
    super().save(*args, **kwargs)
  File "/home/oilnote/.local/lib/python3.10/site-packages/django/db/models/base.py", line 814, in save
    self.save_base(
  File "/home/oilnote/.local/lib/python3.10/site-packages/django/db/models/base.py", line 892, in save_base
    post_save.send(
  File "/home/oilnote/.local/lib/python3.10/site-packages/django/dispatch/dispatcher.py", line 176, in send
    return [
  File "/home/oilnote/.local/lib/python3.10/site-packages/django/dispatch/dispatcher.py", line 177, in <listcomp>
    (receiver, receiver(signal=self, sender=sender, **named))
  File "/home/oilnote/custom_note/Cust_Note/Cust_User/signals.py", line 13, in create_user_profile
    StationProfile.objects.create(
  File "/home/oilnote/.local/lib/python3.10/site-packages/django/db/models/manager.py", line 87, in manager_method
    return getattr(self.get_queryset(), name)(*args, **kwargs)
  File "/home/oilnote/.local/lib/python3.10/site-packages/django/db/models/query.py", line 656, in create
    obj = self.model(**kwargs)
  File "/home/oilnote/.local/lib/python3.10/site-packages/django/db/models/base.py", line 567, in __init__
    raise TypeError(
TypeError: StationProfile() got unexpected keyword arguments: 'station_address', 'owner_name'
ERROR 2025-07-09 00:12:25,902 basehttp 598343 140540255401536 "POST /user/signup/station/ HTTP/1.1" 500 138557
INFO 2025-07-09 00:13:13,565 autoreload 598343 140540422803456 /home/oilnote/custom_note/Cust_Note/Cust_User/views.py changed, reloading.
INFO 2025-07-09 00:13:13,812 autoreload 599344 139982748979200 Watching for file changes with StatReloader
Performing system checks...

System check identified no issues (0 silenced).
July 09, 2025 - 00:13:13
Django version 4.2.23, using settings 'Cust_Note.settings'
Starting development server at http://0.0.0.0:8000/
Quit the server with CONTROL-C.

INFO 2025-07-09 00:13:21,116 basehttp 599344 139982580741696 "GET /admin/ HTTP/1.1" 302 0
INFO 2025-07-09 00:13:21,151 basehttp 599344 139982580741696 "GET /admin/login/?next=/admin/ HTTP/1.1" 200 4213
INFO 2025-07-09 00:13:21,238 basehttp 599344 139982580741696 "GET /static/admin/css/base.css HTTP/1.1" 304 0
INFO 2025-07-09 00:13:21,243 basehttp 599344 139982555563584 "GET /static/admin/css/login.css HTTP/1.1" 304 0
INFO 2025-07-09 00:13:21,243 basehttp 599344 139982563956288 "GET /static/admin/css/nav_sidebar.css HTTP/1.1" 304 0
INFO 2025-07-09 00:13:21,245 basehttp 599344 139982572348992 "GET /static/admin/css/dark_mode.css HTTP/1.1" 304 0
INFO 2025-07-09 00:13:21,246 basehttp 599344 139982547170880 "GET /static/admin/css/responsive.css HTTP/1.1" 304 0
INFO 2025-07-09 00:13:21,358 basehttp 599344 139982547170880 "GET /static/admin/js/theme.js HTTP/1.1" 304 0
INFO 2025-07-09 00:13:21,359 basehttp 599344 139982563956288 "GET /static/admin/js/nav_sidebar.js HTTP/1.1" 304 0
INFO 2025-07-09 00:13:24,942 basehttp 599344 139982563956288 "POST /admin/login/?next=/admin/ HTTP/1.1" 302 0
INFO 2025-07-09 00:13:24,978 basehttp 599344 139982563956288 "GET /admin/ HTTP/1.1" 200 13401
INFO 2025-07-09 00:13:25,067 basehttp 599344 139982563956288 "GET /static/admin/css/dashboard.css HTTP/1.1" 304 0
INFO 2025-07-09 00:13:25,231 basehttp 599344 139982572348992 "GET /static/admin/img/icon-changelink.svg HTTP/1.1" 304 0
INFO 2025-07-09 00:13:25,232 basehttp 599344 139982563956288 "GET /static/admin/img/icon-addlink.svg HTTP/1.1" 304 0
INFO 2025-07-09 00:13:25,233 basehttp 599344 139982547170880 "GET /static/admin/img/icon-deletelink.svg HTTP/1.1" 304 0
INFO 2025-07-09 00:13:28,315 autoreload 599344 139982748979200 /home/oilnote/custom_note/Cust_Note/Cust_User/forms.py changed, reloading.
INFO 2025-07-09 00:13:28,587 autoreload 599501 139885754523648 Watching for file changes with StatReloader
Performing system checks...

System check identified no issues (0 silenced).
July 09, 2025 - 00:13:28
Django version 4.2.23, using settings 'Cust_Note.settings'
Starting development server at http://0.0.0.0:8000/
Quit the server with CONTROL-C.

INFO 2025-07-09 00:13:29,902 basehttp 599501 139885594801728 "GET /admin/Cust_User/stationuser/ HTTP/1.1" 200 18224
INFO 2025-07-09 00:13:29,947 basehttp 599501 139885594801728 "GET /static/admin/css/changelists.css HTTP/1.1" 304 0
INFO 2025-07-09 00:13:29,949 basehttp 599501 139885594801728 "GET /static/admin/js/vendor/jquery/jquery.js HTTP/1.1" 304 0
INFO 2025-07-09 00:13:29,952 basehttp 599501 139885574870592 "GET /static/admin/js/jquery.init.js HTTP/1.1" 304 0
INFO 2025-07-09 00:13:29,953 basehttp 599501 139885566477888 "GET /static/admin/js/core.js HTTP/1.1" 304 0
INFO 2025-07-09 00:13:29,955 basehttp 599501 139885205780032 "GET /static/admin/js/actions.js HTTP/1.1" 304 0
INFO 2025-07-09 00:13:29,955 basehttp 599501 139885558085184 "GET /static/admin/js/admin/RelatedObjectLookups.js HTTP/1.1" 304 0
INFO 2025-07-09 00:13:29,956 basehttp 599501 139885188994624 "GET /static/admin/js/prepopulate.js HTTP/1.1" 304 0
INFO 2025-07-09 00:13:29,960 basehttp 599501 139885197387328 "GET /static/admin/js/urlify.js HTTP/1.1" 304 0
INFO 2025-07-09 00:13:29,960 basehttp 599501 139885180601920 "GET /static/admin/js/vendor/xregexp/xregexp.js HTTP/1.1" 304 0
INFO 2025-07-09 00:13:29,960 basehttp 599501 139885172209216 "GET /static/admin/img/search.svg HTTP/1.1" 304 0
INFO 2025-07-09 00:13:29,961 basehttp 599501 139885583263296 "GET /admin/jsi18n/ HTTP/1.1" 200 9131
INFO 2025-07-09 00:13:29,961 basehttp 599501 139885163816512 "GET /static/admin/img/icon-yes.svg HTTP/1.1" 304 0
INFO 2025-07-09 00:13:30,228 basehttp 599501 139885594801728 "GET /static/admin/js/filters.js HTTP/1.1" 304 0
INFO 2025-07-09 00:13:30,259 basehttp 599501 139885594801728 "GET /static/admin/img/tooltag-add.svg HTTP/1.1" 304 0
INFO 2025-07-09 00:13:30,260 basehttp 599501 139885163816512 "GET /static/admin/img/sorting-icons.svg HTTP/1.1" 304 0
INFO 2025-07-09 00:13:32,017 basehttp 599501 139885594801728 "GET /admin/Cust_User/stationuser/ HTTP/1.1" 200 18224
INFO 2025-07-09 00:13:32,053 basehttp 599501 139885594801728 "GET /admin/jsi18n/ HTTP/1.1" 200 9131
WARNING 2025-07-09 00:13:40,209 log 599501 139885594801728 Not Found: /admin/reset-password/23
WARNING 2025-07-09 00:13:40,209 basehttp 599501 139885594801728 "GET /admin/reset-password/23 HTTP/1.1" 404 6125
INFO 2025-07-09 00:13:47,274 autoreload 599501 139885754523648 /home/oilnote/custom_note/Cust_Note/Cust_User/forms.py changed, reloading.
INFO 2025-07-09 00:13:47,523 autoreload 599696 139906081542144 Watching for file changes with StatReloader
Performing system checks...

System check identified no issues (0 silenced).
July 09, 2025 - 00:13:47
Django version 4.2.23, using settings 'Cust_Note.settings'
Starting development server at http://0.0.0.0:8000/
Quit the server with CONTROL-C.

INFO 2025-07-09 00:17:52,324 autoreload 599696 139906081542144 /home/oilnote/custom_note/Cust_Note/Cust_StationApp/views.py changed, reloading.
INFO 2025-07-09 00:17:52,592 autoreload 601523 139792194441216 Watching for file changes with StatReloader
Performing system checks...

System check identified no issues (0 silenced).
July 09, 2025 - 00:17:52
Django version 4.2.23, using settings 'Cust_Note.settings'
Starting development server at http://0.0.0.0:8000/
Quit the server with CONTROL-C.

INFO 2025-07-09 00:18:06,118 autoreload 601523 139792194441216 /home/oilnote/custom_note/Cust_Note/Cust_StationApp/views.py changed, reloading.
INFO 2025-07-09 00:18:06,382 autoreload 601672 139973361758208 Watching for file changes with StatReloader
Performing system checks...

System check identified no issues (0 silenced).
July 09, 2025 - 00:18:06
Django version 4.2.23, using settings 'Cust_Note.settings'
Starting development server at http://0.0.0.0:8000/
Quit the server with CONTROL-C.

INFO 2025-07-09 00:19:28,182 autoreload 601672 139973361758208 /home/oilnote/custom_note/Cust_Note/Cust_StationApp/views.py changed, reloading.
INFO 2025-07-09 00:19:28,428 autoreload 602417 140085734432768 Watching for file changes with StatReloader
Performing system checks...

System check identified no issues (0 silenced).
July 09, 2025 - 00:19:28
Django version 4.2.23, using settings 'Cust_Note.settings'
Starting development server at http://0.0.0.0:8000/
Quit the server with CONTROL-C.

INFO 2025-07-09 00:20:00,130 autoreload 602417 140085734432768 /home/oilnote/custom_note/Cust_Note/Cust_StationApp/views.py changed, reloading.
INFO 2025-07-09 00:20:00,370 autoreload 602768 139716073594880 Watching for file changes with StatReloader
Performing system checks...

System check identified no issues (0 silenced).
July 09, 2025 - 00:20:00
Django version 4.2.23, using settings 'Cust_Note.settings'
Starting development server at http://0.0.0.0:8000/
Quit the server with CONTROL-C.

INFO 2025-07-09 00:29:10,479 basehttp 602768 139715980293696 "GET / HTTP/1.1" 200 14651
INFO 2025-07-09 01:22:32,552 basehttp 602768 139715980293696 "GET / HTTP/1.1" 200 14651
INFO 2025-07-09 01:22:35,230 basehttp 602768 139715980293696 "GET / HTTP/1.1" 200 14651
WARNING 2025-07-09 01:22:36,465 log 602768 139715980293696 Not Found: /favicon.ico
WARNING 2025-07-09 01:22:36,465 basehttp 602768 139715980293696 "GET /favicon.ico HTTP/1.1" 404 2902
INFO 2025-07-09 01:22:39,745 basehttp 602768 139715980293696 "GET / HTTP/1.1" 200 14651
INFO 2025-07-09 01:22:40,591 basehttp 602768 139715980293696 "GET / HTTP/1.1" 200 14651
INFO 2025-07-09 01:22:41,865 basehttp 602768 139715980293696 "GET / HTTP/1.1" 200 14651
INFO 2025-07-09 01:44:41,191 basehttp 602768 139715980293696 "GET / HTTP/1.1" 200 14651
INFO 2025-07-09 01:50:09,813 basehttp 602768 139715980293696 "GET / HTTP/1.1" 200 14651
WARNING 2025-07-09 02:13:56,128 log 602768 139715980293696 Not Found: /.env
WARNING 2025-07-09 02:13:56,129 basehttp 602768 139715980293696 "GET /.env HTTP/1.1" 404 2764
INFO 2025-07-09 02:17:16,890 basehttp 602768 139715980293696 "GET / HTTP/1.1" 200 14651
INFO 2025-07-09 02:17:37,865 basehttp 602768 139715970852416 "GET / HTTP/1.1" 200 14651
INFO 2025-07-09 02:37:11,038 basehttp 602768 139715980293696 "GET / HTTP/1.1" 200 14651
INFO 2025-07-09 02:38:30,338 basehttp 602768 139715970852416 "GET / HTTP/1.1" 200 14651
INFO 2025-07-09 02:44:43,520 basehttp 602768 139715980293696 - Broken pipe from ('162.142.125.197', 35962)
INFO 2025-07-09 02:44:47,079 basehttp 602768 139715980293696 "GET / HTTP/1.1" 200 14651
INFO 2025-07-09 02:44:48,347 basehttp 602768 139715980293696 - Broken pipe from ('162.142.125.197', 41004)
INFO 2025-07-09 02:44:55,451 basehttp 602768 139715980293696 "GET / HTTP/1.1" 200 14651
INFO 2025-07-09 02:44:57,046 basehttp 602768 139715980293696 "GET /static/favicon.svg HTTP/1.1" 200 649
WARNING 2025-07-09 02:44:59,330 log 602768 139715980293696 Not Found: /favicon.ico
WARNING 2025-07-09 02:44:59,330 basehttp 602768 139715980293696 "GET /favicon.ico HTTP/1.1" 404 2903
INFO 2025-07-09 02:45:01,431 basehttp 602768 139715980293696 code 505, message Invalid HTTP version (2.0)
ERROR 2025-07-09 02:45:01,431 basehttp 602768 139715980293696 "PRI * HTTP/2.0" 505 -
WARNING 2025-07-09 02:45:10,521 log 602768 139715980293696 Not Found: /favicon.ico
WARNING 2025-07-09 02:45:10,521 basehttp 602768 139715980293696 "GET /favicon.ico HTTP/1.1" 404 2903
INFO 2025-07-09 02:45:12,880 basehttp 602768 139715980293696 code 505, message Invalid HTTP version (2.0)
ERROR 2025-07-09 02:45:12,881 basehttp 602768 139715980293696 "PRI * HTTP/2.0" 505 -
INFO 2025-07-09 02:45:19,005 basehttp 602768 139715980293696 code 400, message Bad HTTP/0.9 request type ('\x16\x03\x01\x00î\x01\x00\x00ê\x03\x03\x0eÆ\x9f\x1a\x01o"Ï§ïf')
ERROR 2025-07-09 02:45:19,005 basehttp 602768 139715980293696 You're accessing the development server over HTTPS, but it only supports HTTP.
WARNING 2025-07-09 02:45:20,809 log 602768 139715980293696 Not Found: /robots.txt
WARNING 2025-07-09 02:45:20,809 basehttp 602768 139715980293696 "GET /robots.txt HTTP/1.1" 404 2787
INFO 2025-07-09 03:20:47,913 basehttp 602768 139715980293696 code 400, message Bad request version ('À\x13À')
ERROR 2025-07-09 03:20:47,913 basehttp 602768 139715980293696 You're accessing the development server over HTTPS, but it only supports HTTP.
INFO 2025-07-09 03:20:59,224 basehttp 602768 139715980293696 code 400, message Bad request version ('À\x13À')
ERROR 2025-07-09 03:20:59,224 basehttp 602768 139715980293696 You're accessing the development server over HTTPS, but it only supports HTTP.
INFO 2025-07-09 03:21:53,208 basehttp 602768 139715980293696 code 400, message Bad request version ('À\x13À')
ERROR 2025-07-09 03:21:53,209 basehttp 602768 139715980293696 You're accessing the development server over HTTPS, but it only supports HTTP.
INFO 2025-07-09 03:21:53,572 basehttp 602768 139715980293696 "GET / HTTP/1.1" 200 14651
INFO 2025-07-09 03:53:34,808 basehttp 602768 139715980293696 "GET / HTTP/1.1" 200 14651
INFO 2025-07-09 04:11:33,712 basehttp 602768 139715980293696 "GET / HTTP/1.1" 200 14651
INFO 2025-07-09 04:12:26,062 basehttp 602768 139715980293696 "GET /static/favicon.svg HTTP/1.1" 200 649
WARNING 2025-07-09 04:38:39,150 log 602768 139715980293696 Not Found: /.git/config
WARNING 2025-07-09 04:38:39,151 basehttp 602768 139715980293696 "GET /.git/config HTTP/1.1" 404 2789
WARNING 2025-07-09 05:32:06,485 log 602768 139715980293696 Not Found: /.git/config
WARNING 2025-07-09 05:32:06,485 basehttp 602768 139715980293696 "GET /.git/config HTTP/1.1" 404 2785
WARNING 2025-07-09 05:32:42,643 log 602768 139715980293696 Not Found: /.env
WARNING 2025-07-09 05:32:42,643 basehttp 602768 139715980293696 "GET /.env HTTP/1.1" 404 2768
WARNING 2025-07-09 05:32:43,691 log 602768 139715980293696 Not Found: /.env
WARNING 2025-07-09 05:32:43,691 basehttp 602768 139715980293696 "GET /.env HTTP/1.1" 404 2764
INFO 2025-07-09 05:44:33,397 basehttp 602768 139715980293696 "GET / HTTP/1.1" 200 14651
INFO 2025-07-09 06:03:13,912 basehttp 602768 139715980293696 "GET / HTTP/1.1" 200 14651
INFO 2025-07-09 06:22:17,040 basehttp 602768 139715980293696 "GET / HTTP/1.1" 200 14651
INFO 2025-07-09 06:23:07,924 basehttp 602768 139715980293696 code 400, message Bad request syntax ('MGLNDD_139.150.82.74_8000')
WARNING 2025-07-09 06:23:07,924 basehttp 602768 139715980293696 "MGLNDD_139.150.82.74_8000" 400 -
INFO 2025-07-09 07:10:19,110 basehttp 602768 139715980293696 "GET / HTTP/1.1" 200 14651
INFO 2025-07-09 07:18:49,646 basehttp 602768 139715980293696 "GET / HTTP/1.1" 200 14651
INFO 2025-07-09 07:20:40,543 basehttp 602768 139715980293696 "GET / HTTP/1.1" 200 14651
WARNING 2025-07-09 07:36:05,249 log 602768 139715980293696 Not Found: /.env
WARNING 2025-07-09 07:36:05,249 basehttp 602768 139715980293696 "GET /.env HTTP/1.1" 404 2764
WARNING 2025-07-09 07:36:05,531 log 602768 139715980293696 Not Found: /phpinfo
WARNING 2025-07-09 07:36:05,532 basehttp 602768 139715980293696 "GET /phpinfo HTTP/1.1" 404 2773
WARNING 2025-07-09 07:36:06,188 log 602768 139715980293696 Not Found: /_profiler/phpinfo
WARNING 2025-07-09 07:36:06,189 basehttp 602768 139715980293696 "GET /_profiler/phpinfo HTTP/1.1" 404 2803
WARNING 2025-07-09 07:36:06,471 log 602768 139715980293696 Not Found: /info.php
WARNING 2025-07-09 07:36:06,472 basehttp 602768 139715980293696 "GET /info.php HTTP/1.1" 404 2776
WARNING 2025-07-09 07:36:06,747 log 602768 139715980293696 Not Found: /index.html
WARNING 2025-07-09 07:36:06,747 basehttp 602768 139715980293696 "GET /index.html HTTP/1.1" 404 2782
WARNING 2025-07-09 07:36:07,029 log 602768 139715980293696 Not Found: /backend/.env
WARNING 2025-07-09 07:36:07,030 basehttp 602768 139715980293696 "GET /backend/.env HTTP/1.1" 404 2788
WARNING 2025-07-09 07:36:07,300 log 602768 139715980293696 Not Found: /api/.env
WARNING 2025-07-09 07:36:07,301 basehttp 602768 139715980293696 "GET /api/.env HTTP/1.1" 404 2776
WARNING 2025-07-09 07:36:07,580 log 602768 139715980293696 Not Found: /env.backup
WARNING 2025-07-09 07:36:07,581 basehttp 602768 139715980293696 "GET /env.backup HTTP/1.1" 404 2782
WARNING 2025-07-09 07:36:07,856 log 602768 139715980293696 Not Found: /phpinfo.php
WARNING 2025-07-09 07:36:07,856 basehttp 602768 139715980293696 "GET /phpinfo.php HTTP/1.1" 404 2785
WARNING 2025-07-09 07:36:08,160 log 602768 139715980293696 Not Found: /main/.env
WARNING 2025-07-09 07:36:08,160 basehttp 602768 139715980293696 "GET /main/.env HTTP/1.1" 404 2779
WARNING 2025-07-09 07:36:08,437 log 602768 139715980293696 Not Found: /.env.old
WARNING 2025-07-09 07:36:08,437 basehttp 602768 139715980293696 "GET /.env.old HTTP/1.1" 404 2776
WARNING 2025-07-09 07:36:08,719 log 602768 139715980293696 Not Found: /api/config.env
WARNING 2025-07-09 07:36:08,720 basehttp 602768 139715980293696 "GET /api/config.env HTTP/1.1" 404 2794
WARNING 2025-07-09 07:36:08,995 log 602768 139715980293696 Not Found: /.aws/credentials
WARNING 2025-07-09 07:36:08,995 basehttp 602768 139715980293696 "GET /.aws/credentials HTTP/1.1" 404 2800
WARNING 2025-07-09 07:36:09,278 log 602768 139715980293696 Not Found: /lara/phpinfo.php
WARNING 2025-07-09 07:36:09,278 basehttp 602768 139715980293696 "GET /lara/phpinfo.php HTTP/1.1" 404 2800
WARNING 2025-07-09 07:36:09,554 log 602768 139715980293696 Not Found: /core/.env
WARNING 2025-07-09 07:36:09,554 basehttp 602768 139715980293696 "GET /core/.env HTTP/1.1" 404 2779
WARNING 2025-07-09 07:36:09,837 log 602768 139715980293696 Not Found: /application.properties
WARNING 2025-07-09 07:36:09,837 basehttp 602768 139715980293696 "GET /application.properties HTTP/1.1" 404 2818
WARNING 2025-07-09 07:36:10,172 log 602768 139715980293696 Not Found: /prod/.env
WARNING 2025-07-09 07:36:10,172 basehttp 602768 139715980293696 "GET /prod/.env HTTP/1.1" 404 2779
WARNING 2025-07-09 07:36:10,447 log 602768 139715980293696 Not Found: /kyc/.env
WARNING 2025-07-09 07:36:10,447 basehttp 602768 139715980293696 "GET /kyc/.env HTTP/1.1" 404 2776
WARNING 2025-07-09 07:36:10,722 log 602768 139715980293696 Not Found: /aws/credentials
WARNING 2025-07-09 07:36:10,723 basehttp 602768 139715980293696 "GET /aws/credentials HTTP/1.1" 404 2797
WARNING 2025-07-09 07:36:11,005 log 602768 139715980293696 Not Found: /laravael/core/.env
WARNING 2025-07-09 07:36:11,005 basehttp 602768 139715980293696 "GET /laravael/core/.env HTTP/1.1" 404 2806
WARNING 2025-07-09 07:36:11,281 log 602768 139715980293696 Not Found: /server-info.php
WARNING 2025-07-09 07:36:11,281 basehttp 602768 139715980293696 "GET /server-info.php HTTP/1.1" 404 2797
WARNING 2025-07-09 07:36:11,563 log 602768 139715980293696 Not Found: /.aws/config
WARNING 2025-07-09 07:36:11,564 basehttp 602768 139715980293696 "GET /.aws/config HTTP/1.1" 404 2785
WARNING 2025-07-09 07:36:11,839 log 602768 139715980293696 Not Found: /docker/app/.env
WARNING 2025-07-09 07:36:11,839 basehttp 602768 139715980293696 "GET /docker/app/.env HTTP/1.1" 404 2797
WARNING 2025-07-09 07:36:12,121 log 602768 139715980293696 Not Found: /lara/info.php
WARNING 2025-07-09 07:36:12,122 basehttp 602768 139715980293696 "GET /lara/info.php HTTP/1.1" 404 2791
WARNING 2025-07-09 07:36:12,413 log 602768 139715980293696 Not Found: /.env.prod
WARNING 2025-07-09 07:36:12,413 basehttp 602768 139715980293696 "GET /.env.prod HTTP/1.1" 404 2779
WARNING 2025-07-09 07:36:12,686 log 602768 139715980293696 Not Found: /config/local.yml
WARNING 2025-07-09 07:36:12,686 basehttp 602768 139715980293696 "GET /config/local.yml HTTP/1.1" 404 2800
WARNING 2025-07-09 07:36:12,969 log 602768 139715980293696 Not Found: /secrets/aws_ses.env
WARNING 2025-07-09 07:36:12,969 basehttp 602768 139715980293696 "GET /secrets/aws_ses.env HTTP/1.1" 404 2809
WARNING 2025-07-09 07:36:13,253 log 602768 139715980293696 Not Found: /awsstats/.env
WARNING 2025-07-09 07:36:13,254 basehttp 602768 139715980293696 "GET /awsstats/.env HTTP/1.1" 404 2791
WARNING 2025-07-09 07:36:13,537 log 602768 139715980293696 Not Found: /wp-config.php.bak
WARNING 2025-07-09 07:36:13,537 basehttp 602768 139715980293696 "GET /wp-config.php.bak HTTP/1.1" 404 2803
INFO 2025-07-09 07:36:13,831 basehttp 602768 139715980293696 "GET /admin/.env HTTP/1.1" 302 0
INFO 2025-07-09 07:36:15,667 basehttp 602768 139715970852416 "GET / HTTP/1.1" 200 14651
WARNING 2025-07-09 07:36:44,439 log 602768 139715980293696 Not Found: /config/storage.yml
WARNING 2025-07-09 07:36:44,439 basehttp 602768 139715980293696 "GET /config/storage.yml HTTP/1.1" 404 2806
WARNING 2025-07-09 07:36:44,730 log 602768 139715980293696 Not Found: /settings.py
WARNING 2025-07-09 07:36:44,731 basehttp 602768 139715980293696 "GET /settings.py HTTP/1.1" 404 2785
WARNING 2025-07-09 07:36:45,048 log 602768 139715980293696 Not Found: /apps/.env
WARNING 2025-07-09 07:36:45,048 basehttp 602768 139715980293696 "GET /apps/.env HTTP/1.1" 404 2779
WARNING 2025-07-09 07:36:45,338 log 602768 139715980293696 Not Found: /opt/aws/ses.env
WARNING 2025-07-09 07:36:45,338 basehttp 602768 139715980293696 "GET /opt/aws/ses.env HTTP/1.1" 404 2797
WARNING 2025-07-09 07:36:45,621 log 602768 139715980293696 Not Found: /logs/aws/ses.log
WARNING 2025-07-09 07:36:45,621 basehttp 602768 139715980293696 "GET /logs/aws/ses.log HTTP/1.1" 404 2800
WARNING 2025-07-09 07:36:45,900 log 602768 139715980293696 Not Found: /private/.env
WARNING 2025-07-09 07:36:45,901 basehttp 602768 139715980293696 "GET /private/.env HTTP/1.1" 404 2788
WARNING 2025-07-09 07:36:46,192 log 602768 139715980293696 Not Found: /docker-compose.yml
WARNING 2025-07-09 07:36:46,192 basehttp 602768 139715980293696 "GET /docker-compose.yml HTTP/1.1" 404 2806
WARNING 2025-07-09 07:36:46,475 log 602768 139715980293696 Not Found: /.git/config
WARNING 2025-07-09 07:36:46,475 basehttp 602768 139715980293696 "GET /.git/config HTTP/1.1" 404 2785
INFO 2025-07-09 08:28:37,904 basehttp 602768 139715980293696 "GET / HTTP/1.1" 200 14651
INFO 2025-07-09 08:29:32,387 basehttp 602768 139715980293696 "GET / HTTP/1.1" 200 14651
INFO 2025-07-09 09:08:23,987 basehttp 602768 139715980293696 "GET / HTTP/1.1" 200 14651
INFO 2025-07-09 09:08:24,873 basehttp 602768 139715980293696 "GET / HTTP/1.1" 200 14651
INFO 2025-07-09 09:08:24,908 basehttp 602768 139715980293696 "GET /static/favicon.svg HTTP/1.1" 200 649
INFO 2025-07-09 09:09:16,603 basehttp 602768 139715980293696 "GET / HTTP/1.1" 200 14651
WARNING 2025-07-09 09:09:18,332 log 602768 139715980293696 Not Found: /favicon.ico
WARNING 2025-07-09 09:09:18,332 basehttp 602768 139715980293696 "GET /favicon.ico HTTP/1.1" 404 2898
INFO 2025-07-09 09:09:20,427 basehttp 602768 139715980293696 "GET /user/login/ HTTP/1.1" 200 19594
INFO 2025-07-09 09:09:39,271 basehttp 602768 139715980293696 "POST /user/login/ HTTP/1.1" 302 0
INFO 2025-07-09 09:09:39,337 basehttp 602768 139715980293696 "GET /station/ HTTP/1.1" 200 20314
INFO 2025-07-09 09:09:44,010 basehttp 602768 139715980293696 "GET /station/usermanage/ HTTP/1.1" 200 79957
INFO 2025-07-09 09:09:44,541 views 602768 139715980293696 
=== 미사용 카드 목록 조회 시작 ===
INFO 2025-07-09 09:09:44,542 views 602768 139715980293696 요청 사용자: netalf
DEBUG 2025-07-09 09:09:44,546 views 602768 139715980293696 카드 정보: {'number': '1111222233331111', 'created_at': '2025-07-08 13:41:52'}
DEBUG 2025-07-09 09:09:44,546 views 602768 139715980293696 카드 정보: {'number': '2222333344445555', 'created_at': '2025-07-08 11:57:28'}
DEBUG 2025-07-09 09:09:44,547 views 602768 139715980293696 카드 정보: {'number': '8851111122223008', 'created_at': '2025-07-07 08:52:33'}
DEBUG 2025-07-09 09:09:44,547 views 602768 139715980293696 카드 정보: {'number': '8851111122223007', 'created_at': '2025-07-07 08:52:33'}
DEBUG 2025-07-09 09:09:44,547 views 602768 139715980293696 카드 정보: {'number': '8851111122223006', 'created_at': '2025-07-07 08:52:33'}
DEBUG 2025-07-09 09:09:44,547 views 602768 139715980293696 카드 정보: {'number': '8851111122223005', 'created_at': '2025-07-07 08:52:33'}
DEBUG 2025-07-09 09:09:44,547 views 602768 139715980293696 카드 정보: {'number': '8851111122223004', 'created_at': '2025-07-07 08:52:32'}
DEBUG 2025-07-09 09:09:44,547 views 602768 139715980293696 카드 정보: {'number': '8851111122223003', 'created_at': '2025-07-07 08:52:32'}
DEBUG 2025-07-09 09:09:44,547 views 602768 139715980293696 카드 정보: {'number': '8851111122223002', 'created_at': '2025-07-07 08:52:32'}
DEBUG 2025-07-09 09:09:44,547 views 602768 139715980293696 카드 정보: {'number': '8851111122223001', 'created_at': '2025-07-07 08:52:32'}
DEBUG 2025-07-09 09:09:44,547 views 602768 139715980293696 카드 정보: {'number': '8851111122223000', 'created_at': '2025-07-07 08:52:32'}
INFO 2025-07-09 09:09:44,547 views 602768 139715980293696 조회된 미사용 카드 수: 11
INFO 2025-07-09 09:09:44,547 views 602768 139715980293696 === 미사용 카드 목록 조회 완료 ===

INFO 2025-07-09 09:09:44,547 basehttp 602768 139715980293696 "GET /station/get-unused-cards/ HTTP/1.1" 200 791
INFO 2025-07-09 09:10:43,618 basehttp 602768 139715980293696 "GET /user/logout/ HTTP/1.1" 302 0
INFO 2025-07-09 09:10:43,654 basehttp 602768 139715980293696 "GET / HTTP/1.1" 200 14651
INFO 2025-07-09 09:10:45,689 basehttp 602768 139715980293696 "GET /user/login/ HTTP/1.1" 200 19594
INFO 2025-07-09 09:10:55,501 basehttp 602768 139715980293696 "POST /user/login/ HTTP/1.1" 302 0
INFO 2025-07-09 09:10:55,573 basehttp 602768 139715980293696 "GET /customer/ HTTP/1.1" 200 18764
INFO 2025-07-09 09:11:44,155 basehttp 602768 139715980293696 "GET /admin HTTP/1.1" 301 0
INFO 2025-07-09 09:11:44,200 basehttp 602768 139715980293696 "GET /admin/ HTTP/1.1" 302 0
INFO 2025-07-09 09:11:44,262 basehttp 602768 139715980293696 "GET /admin/login/?next=/admin/ HTTP/1.1" 200 3746
INFO 2025-07-09 09:11:44,398 basehttp 602768 139715980293696 "GET /static/admin/css/base.css HTTP/1.1" 200 21310
INFO 2025-07-09 09:11:44,422 basehttp 602768 139715980293696 "GET /static/admin/css/dark_mode.css HTTP/1.1" 200 2929
INFO 2025-07-09 09:11:44,430 basehttp 602768 139715755898432 "GET /static/admin/css/login.css HTTP/1.1" 200 958
INFO 2025-07-09 09:11:44,430 basehttp 602768 139715970852416 "GET /static/admin/css/nav_sidebar.css HTTP/1.1" 200 2694
INFO 2025-07-09 09:11:44,432 basehttp 602768 139715747505728 "GET /static/admin/css/responsive.css HTTP/1.1" 200 18559
INFO 2025-07-09 09:11:44,941 basehttp 602768 139715747505728 "GET /static/admin/js/nav_sidebar.js HTTP/1.1" 200 3063
INFO 2025-07-09 09:11:44,943 basehttp 602768 139715980293696 "GET /static/admin/js/theme.js HTTP/1.1" 200 1943
INFO 2025-07-09 09:11:51,257 basehttp 602768 139715980293696 "POST /admin/login/?next=/admin/ HTTP/1.1" 302 0
INFO 2025-07-09 09:11:51,307 basehttp 602768 139715980293696 "GET /admin/ HTTP/1.1" 200 13401
INFO 2025-07-09 09:11:51,513 basehttp 602768 139715980293696 "GET /static/admin/css/dashboard.css HTTP/1.1" 200 441
INFO 2025-07-09 09:11:52,059 basehttp 602768 139715980293696 "GET /static/admin/img/icon-changelink.svg HTTP/1.1" 200 380
INFO 2025-07-09 09:11:52,060 basehttp 602768 139715747505728 "GET /static/admin/img/icon-addlink.svg HTTP/1.1" 200 331
INFO 2025-07-09 09:11:52,060 basehttp 602768 139715970852416 "GET /static/admin/img/icon-deletelink.svg HTTP/1.1" 200 392
INFO 2025-07-09 09:11:57,399 basehttp 602768 139715970852416 "GET /admin/Cust_User/customeruser/ HTTP/1.1" 200 19901
INFO 2025-07-09 09:11:57,513 basehttp 602768 139715970852416 "GET /static/admin/css/changelists.css HTTP/1.1" 200 6566
INFO 2025-07-09 09:11:57,552 basehttp 602768 139715755898432 "GET /static/admin/js/core.js HTTP/1.1" 200 5682
INFO 2025-07-09 09:11:57,554 basehttp 602768 139715980293696 "GET /static/admin/js/jquery.init.js HTTP/1.1" 200 347
INFO 2025-07-09 09:11:57,565 basehttp 602768 139715970852416 "GET /admin/jsi18n/ HTTP/1.1" 200 9131
INFO 2025-07-09 09:11:57,572 basehttp 602768 139715730720320 "GET /static/admin/js/actions.js HTTP/1.1" 200 7872
INFO 2025-07-09 09:11:57,574 basehttp 602768 139715722327616 "GET /static/admin/js/prepopulate.js HTTP/1.1" 200 1531
INFO 2025-07-09 09:11:57,580 basehttp 602768 139715713934912 "GET /static/admin/js/urlify.js HTTP/1.1" 200 7887
INFO 2025-07-09 09:11:57,581 basehttp 602768 139715739113024 "GET /static/admin/js/admin/RelatedObjectLookups.js HTTP/1.1" 200 8943
INFO 2025-07-09 09:11:57,586 basehttp 602768 139715219027520 "GET /static/admin/img/icon-yes.svg HTTP/1.1" 200 436
INFO 2025-07-09 09:11:57,587 basehttp 602768 139715747505728 "GET /static/admin/js/vendor/jquery/jquery.js HTTP/1.1" 200 292458
INFO 2025-07-09 09:11:57,589 basehttp 602768 139715210634816 "GET /static/admin/img/search.svg HTTP/1.1" 200 458
INFO 2025-07-09 09:11:57,591 basehttp 602768 139715705542208 "GET /static/admin/js/vendor/xregexp/xregexp.js HTTP/1.1" 200 232381
INFO 2025-07-09 09:11:58,140 basehttp 602768 139715705542208 "GET /static/admin/js/filters.js HTTP/1.1" 200 978
INFO 2025-07-09 09:11:58,219 basehttp 602768 139715705542208 "GET /static/admin/img/tooltag-add.svg HTTP/1.1" 200 331
INFO 2025-07-09 09:11:58,225 basehttp 602768 139715705542208 "GET /static/admin/img/sorting-icons.svg HTTP/1.1" 200 1097
WARNING 2025-07-09 09:12:03,619 log 602768 139715705542208 Not Found: /admin/reset-password/19
WARNING 2025-07-09 09:12:03,619 basehttp 602768 139715705542208 "GET /admin/reset-password/19 HTTP/1.1" 404 6125
INFO 2025-07-09 09:12:24,563 basehttp 602768 139715705542208 "GET /admin/Cust_User/customeruser/ HTTP/1.1" 200 19901
INFO 2025-07-09 09:13:08,380 autoreload 602768 139716073594880 /home/oilnote/custom_note/Cust_Note/Cust_User/admin.py changed, reloading.
INFO 2025-07-09 09:13:08,633 autoreload 610751 140196524851200 Watching for file changes with StatReloader
Performing system checks...

System check identified no issues (0 silenced).
July 09, 2025 - 09:13:08
Django version 4.2.23, using settings 'Cust_Note.settings'
Starting development server at http://0.0.0.0:8000/
Quit the server with CONTROL-C.

INFO 2025-07-09 09:13:30,543 basehttp 610751 140196364416576 "GET /admin/Cust_User/customeruser/ HTTP/1.1" 200 19913
INFO 2025-07-09 09:13:30,674 basehttp 610751 140196364416576 "GET /admin/jsi18n/ HTTP/1.1" 200 9131
WARNING 2025-07-09 09:13:35,465 log 610751 140196364416576 Not Found: /admin/reset-password/19
WARNING 2025-07-09 09:13:35,466 basehttp 610751 140196364416576 "GET /admin/reset-password/19 HTTP/1.1" 404 6125
INFO 2025-07-09 09:13:53,833 basehttp 610751 140196364416576 "GET /admin/Cust_User/customeruser/ HTTP/1.1" 200 19913
INFO 2025-07-09 09:13:56,472 basehttp 610751 140196364416576 "GET /admin/Cust_User/customeruser/ HTTP/1.1" 200 19913
INFO 2025-07-09 09:13:56,652 basehttp 610751 140196353926720 "GET /static/admin/css/dark_mode.css HTTP/1.1" 200 2929
INFO 2025-07-09 09:13:56,652 basehttp 610751 140196364416576 "GET /static/admin/css/base.css HTTP/1.1" 200 21310
INFO 2025-07-09 09:13:56,653 basehttp 610751 140196345534016 "GET /static/admin/css/nav_sidebar.css HTTP/1.1" 200 2694
INFO 2025-07-09 09:13:56,663 basehttp 610751 140196336092736 "GET /static/admin/css/changelists.css HTTP/1.1" 200 6566
INFO 2025-07-09 09:13:56,665 basehttp 610751 140196353926720 "GET /static/admin/js/urlify.js HTTP/1.1" 200 7887
INFO 2025-07-09 09:13:56,669 basehttp 610751 140196104361536 "GET /static/admin/js/jquery.init.js HTTP/1.1" 200 347
INFO 2025-07-09 09:13:56,677 basehttp 610751 140196364416576 "GET /static/admin/css/responsive.css HTTP/1.1" 200 18559
INFO 2025-07-09 09:13:56,679 basehttp 610751 140196121146944 "GET /admin/jsi18n/ HTTP/1.1" 200 9131
INFO 2025-07-09 09:13:56,681 basehttp 610751 140196095968832 "GET /static/admin/js/core.js HTTP/1.1" 200 5682
INFO 2025-07-09 09:13:56,682 basehttp 610751 140196345534016 "GET /static/admin/js/prepopulate.js HTTP/1.1" 200 1531
INFO 2025-07-09 09:13:56,682 basehttp 610751 140196087576128 "GET /static/admin/js/admin/RelatedObjectLookups.js HTTP/1.1" 200 8943
INFO 2025-07-09 09:13:56,682 basehttp 610751 140195517167168 "GET /static/admin/img/search.svg HTTP/1.1" 200 458
INFO 2025-07-09 09:13:56,684 basehttp 610751 140196079183424 "GET /static/admin/js/actions.js HTTP/1.1" 200 7872
INFO 2025-07-09 09:13:56,685 basehttp 610751 140195508774464 "GET /static/admin/img/icon-yes.svg HTTP/1.1" 200 436
INFO 2025-07-09 09:13:56,688 basehttp 610751 140196070790720 "GET /static/admin/js/vendor/xregexp/xregexp.js HTTP/1.1" 200 232381
INFO 2025-07-09 09:13:56,689 basehttp 610751 140196112754240 "GET /static/admin/js/vendor/jquery/jquery.js HTTP/1.1" 200 292458
INFO 2025-07-09 09:13:56,998 basehttp 610751 140196112754240 "GET /static/admin/js/theme.js HTTP/1.1" 200 1943
INFO 2025-07-09 09:13:57,013 basehttp 610751 140196353926720 "GET /static/admin/img/sorting-icons.svg HTTP/1.1" 200 1097
INFO 2025-07-09 09:13:57,014 basehttp 610751 140196364416576 "GET /static/admin/img/icon-addlink.svg HTTP/1.1" 200 331
INFO 2025-07-09 09:13:57,015 basehttp 610751 140196112754240 "GET /static/admin/js/nav_sidebar.js HTTP/1.1" 200 3063
INFO 2025-07-09 09:13:57,015 basehttp 610751 140196070790720 "GET /static/admin/img/tooltag-add.svg HTTP/1.1" 200 331
INFO 2025-07-09 09:13:57,018 basehttp 610751 140196345534016 "GET /static/admin/js/filters.js HTTP/1.1" 200 978
WARNING 2025-07-09 09:13:57,253 log 610751 140196112754240 Not Found: /favicon.ico
WARNING 2025-07-09 09:13:57,253 basehttp 610751 140196112754240 "GET /favicon.ico HTTP/1.1" 404 2898
WARNING 2025-07-09 09:14:00,149 log 610751 140196112754240 Not Found: /admin/reset-password/19
WARNING 2025-07-09 09:14:00,149 basehttp 610751 140196112754240 "GET /admin/reset-password/19 HTTP/1.1" 404 6125
INFO 2025-07-09 09:14:12,876 autoreload 610751 140196524851200 /home/oilnote/custom_note/Cust_Note/Cust_User/admin.py changed, reloading.
INFO 2025-07-09 09:14:13,155 autoreload 610993 139778290475008 Watching for file changes with StatReloader
Performing system checks...

System check identified no issues (0 silenced).
July 09, 2025 - 09:14:13
Django version 4.2.23, using settings 'Cust_Note.settings'
Starting development server at http://0.0.0.0:8000/
Quit the server with CONTROL-C.

INFO 2025-07-09 09:14:33,103 basehttp 610993 139778129393216 "GET /admin/Cust_User/customeruser/ HTTP/1.1" 200 18394
INFO 2025-07-09 09:14:35,460 basehttp 610993 139778129393216 "GET /admin/Cust_User/customeruser/ HTTP/1.1" 200 18394
INFO 2025-07-09 09:14:35,633 basehttp 610993 139778118903360 "GET /static/admin/css/dark_mode.css HTTP/1.1" 200 2929
INFO 2025-07-09 09:14:35,646 basehttp 610993 139778110510656 "GET /static/admin/css/nav_sidebar.css HTTP/1.1" 200 2694
INFO 2025-07-09 09:14:35,653 basehttp 610993 139777898706496 "GET /static/admin/css/changelists.css HTTP/1.1" 200 6566
INFO 2025-07-09 09:14:35,663 basehttp 610993 139777873528384 "GET /static/admin/js/jquery.init.js HTTP/1.1" 200 347
INFO 2025-07-09 09:14:35,664 basehttp 610993 139778129393216 "GET /static/admin/css/base.css HTTP/1.1" 200 21310
INFO 2025-07-09 09:14:35,670 basehttp 610993 139777890313792 "GET /admin/jsi18n/ HTTP/1.1" 200 9131
INFO 2025-07-09 09:14:35,677 basehttp 610993 139777865135680 "GET /static/admin/js/actions.js HTTP/1.1" 200 7872
INFO 2025-07-09 09:14:35,687 basehttp 610993 139777848350272 "GET /static/admin/js/admin/RelatedObjectLookups.js HTTP/1.1" 200 8943
INFO 2025-07-09 09:14:35,688 basehttp 610993 139777345050176 "GET /static/admin/js/urlify.js HTTP/1.1" 200 7887
INFO 2025-07-09 09:14:35,692 basehttp 610993 139777856742976 "GET /static/admin/js/core.js HTTP/1.1" 200 5682
INFO 2025-07-09 09:14:35,697 basehttp 610993 139777353442880 "GET /static/admin/js/prepopulate.js HTTP/1.1" 200 1531
INFO 2025-07-09 09:14:35,702 basehttp 610993 139777336657472 "GET /static/admin/css/responsive.css HTTP/1.1" 200 18559
INFO 2025-07-09 09:14:35,708 basehttp 610993 139777328264768 "GET /static/admin/img/search.svg HTTP/1.1" 200 458
INFO 2025-07-09 09:14:35,709 basehttp 610993 139777319872064 "GET /static/admin/img/icon-yes.svg HTTP/1.1" 200 436
INFO 2025-07-09 09:14:35,712 basehttp 610993 139777881921088 "GET /static/admin/js/vendor/jquery/jquery.js HTTP/1.1" 200 292458
INFO 2025-07-09 09:14:35,713 basehttp 610993 139777361835584 "GET /static/admin/js/vendor/xregexp/xregexp.js HTTP/1.1" 200 232381
INFO 2025-07-09 09:14:35,962 basehttp 610993 139777881921088 "GET /static/admin/js/nav_sidebar.js HTTP/1.1" 200 3063
INFO 2025-07-09 09:14:35,963 basehttp 610993 139777361835584 "GET /static/admin/js/theme.js HTTP/1.1" 200 1943
INFO 2025-07-09 09:14:35,985 basehttp 610993 139777361835584 "GET /static/admin/js/filters.js HTTP/1.1" 200 978
INFO 2025-07-09 09:14:36,016 basehttp 610993 139777881921088 "GET /static/admin/img/sorting-icons.svg HTTP/1.1" 200 1097
INFO 2025-07-09 09:14:36,018 basehttp 610993 139777319872064 "GET /static/admin/img/tooltag-add.svg HTTP/1.1" 200 331
INFO 2025-07-09 09:14:36,019 basehttp 610993 139777328264768 "GET /static/admin/img/icon-addlink.svg HTTP/1.1" 200 331
WARNING 2025-07-09 09:14:36,175 log 610993 139777361835584 Not Found: /favicon.ico
WARNING 2025-07-09 09:14:36,175 basehttp 610993 139777361835584 "GET /favicon.ico HTTP/1.1" 404 2898
INFO 2025-07-09 09:14:40,681 basehttp 610993 139777361835584 "GET /admin/Cust_User/customeruser/reset-password/19/ HTTP/1.1" 302 0
INFO 2025-07-09 09:14:40,702 basehttp 610993 139777361835584 "GET /admin/Cust_User/customeruser/reset-password/ HTTP/1.1" 302 0
INFO 2025-07-09 09:14:40,784 basehttp 610993 139777361835584 "GET /admin/Cust_User/customeruser/reset-password/change/ HTTP/1.1" 302 0
INFO 2025-07-09 09:14:40,890 basehttp 610993 139777361835584 "GET /admin/ HTTP/1.1" 200 13351
INFO 2025-07-09 09:14:48,044 basehttp 610993 139777361835584 "GET / HTTP/1.1" 302 0
INFO 2025-07-09 09:14:48,094 basehttp 610993 139777361835584 "GET /customer/ HTTP/1.1" 200 17212
INFO 2025-07-09 09:14:53,207 basehttp 610993 139777361835584 "GET /user/logout/ HTTP/1.1" 302 0
INFO 2025-07-09 09:14:53,254 basehttp 610993 139777361835584 "GET / HTTP/1.1" 200 14651
INFO 2025-07-09 09:14:55,080 basehttp 610993 139777361835584 "GET /user/login/ HTTP/1.1" 200 19594
INFO 2025-07-09 09:15:02,363 basehttp 610993 139777361835584 "POST /user/login/ HTTP/1.1" 302 0
INFO 2025-07-09 09:15:02,428 basehttp 610993 139777361835584 "GET /customer/ HTTP/1.1" 200 18764
ERROR 2025-07-09 09:15:36,199 log 610993 139777361835584 Internal Server Error: /customer/stations/
Traceback (most recent call last):
  File "/home/oilnote/.local/lib/python3.10/site-packages/django/core/handlers/exception.py", line 55, in inner
    response = get_response(request)
  File "/home/oilnote/.local/lib/python3.10/site-packages/django/core/handlers/base.py", line 197, in _get_response
    response = wrapped_callback(request, *callback_args, **callback_kwargs)
  File "/home/oilnote/.local/lib/python3.10/site-packages/django/views/generic/base.py", line 105, in view
    return self.dispatch(request, *args, **kwargs)
  File "/home/oilnote/.local/lib/python3.10/site-packages/django/utils/decorators.py", line 46, in _wrapper
    return bound_method(*args, **kwargs)
  File "/home/oilnote/.local/lib/python3.10/site-packages/django/views/decorators/csrf.py", line 56, in wrapper_view
    return view_func(*args, **kwargs)
  File "/home/oilnote/custom_note/Cust_Note/Cust_UserApp/views.py", line 152, in dispatch
    return super().dispatch(request, *args, **kwargs)
  File "/home/oilnote/.local/lib/python3.10/site-packages/django/contrib/auth/mixins.py", line 73, in dispatch
    return super().dispatch(request, *args, **kwargs)
  File "/home/oilnote/.local/lib/python3.10/site-packages/django/views/generic/base.py", line 144, in dispatch
    return handler(request, *args, **kwargs)
  File "/home/oilnote/.local/lib/python3.10/site-packages/django/views/generic/list.py", line 154, in get
    self.object_list = self.get_queryset()
  File "/home/oilnote/custom_note/Cust_Note/Cust_UserApp/views.py", line 156, in get_queryset
    queryset = CustomUser.objects.filter(
  File "/home/oilnote/.local/lib/python3.10/site-packages/django/db/models/manager.py", line 87, in manager_method
    return getattr(self.get_queryset(), name)(*args, **kwargs)
  File "/home/oilnote/.local/lib/python3.10/site-packages/django/db/models/query.py", line 1436, in filter
    return self._filter_or_exclude(False, args, kwargs)
  File "/home/oilnote/.local/lib/python3.10/site-packages/django/db/models/query.py", line 1454, in _filter_or_exclude
    clone._filter_or_exclude_inplace(negate, args, kwargs)
  File "/home/oilnote/.local/lib/python3.10/site-packages/django/db/models/query.py", line 1461, in _filter_or_exclude_inplace
    self._query.add_q(Q(*args, **kwargs))
  File "/home/oilnote/.local/lib/python3.10/site-packages/django/db/models/sql/query.py", line 1546, in add_q
    clause, _ = self._add_q(q_object, self.used_aliases)
  File "/home/oilnote/.local/lib/python3.10/site-packages/django/db/models/sql/query.py", line 1577, in _add_q
    child_clause, needed_inner = self.build_filter(
  File "/home/oilnote/.local/lib/python3.10/site-packages/django/db/models/sql/query.py", line 1492, in build_filter
    condition = self.build_lookup(lookups, col, value)
  File "/home/oilnote/.local/lib/python3.10/site-packages/django/db/models/sql/query.py", line 1313, in build_lookup
    lhs = self.try_transform(lhs, lookup_name)
  File "/home/oilnote/.local/lib/python3.10/site-packages/django/db/models/sql/query.py", line 1357, in try_transform
    raise FieldError(
django.core.exceptions.FieldError: Unsupported lookup 'is_approved' for OneToOneRel or join on the field not permitted.
ERROR 2025-07-09 09:15:36,201 basehttp 610993 139777361835584 "GET /customer/stations/ HTTP/1.1" 500 149658
